# JRE version: Java(TM) SE Runtime Environment (17.0.12+8) (build 17.0.12+8-LTS-286)
# Java VM: Java HotSpot(TM) 64-Bit Server VM (17.0.12+8-LTS-286, mixed mode, sharing, tiered, compressed oops, compressed class ptrs, g1 gc, windows-amd64)
GC Precious Log:
 CPUs: 8 total, 8 available
 Memory: 8043M
 Large Page Support: Disabled
 NUMA Support: Disabled
 Compressed Oops: Enabled (32-bit)
 Heap Region Size: 1M
 Heap Min Capacity: 8M
 Heap Initial Capacity: 126M
 Heap Max Capacity: 2G
 Pre-touch: Disabled
 Parallel Workers: 8
 Concurrent Workers: 2
 Concurrent Refinement Workers: 8
 Periodic GC: Disabled
Heap:
 garbage-first heap   total 239616K, used 182985K [0x0000000080000000, 0x0000000100000000)
  region size 1024K, 10 young (10240K), 5 survivors (5120K)
 Metaspace       used 89770K, committed 90880K, reserved 557056K
  class space    used 12383K, committed 12864K, reserved 425984K
GC Heap History (20 events):
Event: 185.007 GC heap before
{Heap before GC invocations=36 (full 0):
 garbage-first heap   total 178176K, used 139508K [0x0000000080000000, 0x0000000100000000)
  region size 1024K, 35 young (35840K), 1 survivors (1024K)
 Metaspace       used 83324K, committed 84224K, reserved 557056K
  class space    used 11595K, committed 12032K, reserved 425984K
}
Event: 185.013 GC heap after
{Heap after GC invocations=37 (full 0):
 garbage-first heap   total 178176K, used 113482K [0x0000000080000000, 0x0000000100000000)
  region size 1024K, 5 young (5120K), 5 survivors (5120K)
 Metaspace       used 83324K, committed 84224K, reserved 557056K
  class space    used 11595K, committed 12032K, reserved 425984K
}
Event: 186.808 GC heap before
{Heap before GC invocations=37 (full 0):
 garbage-first heap   total 178176K, used 142154K [0x0000000080000000, 0x0000000100000000)
  region size 1024K, 33 young (33792K), 5 survivors (5120K)
 Metaspace       used 83804K, committed 84800K, reserved 557056K
  class space    used 11640K, committed 12096K, reserved 425984K
}
Event: 186.815 GC heap after
{Heap after GC invocations=38 (full 0):
 garbage-first heap   total 178176K, used 119808K [0x0000000080000000, 0x0000000100000000)
  region size 1024K, 5 young (5120K), 5 survivors (5120K)
 Metaspace       used 83804K, committed 84800K, reserved 557056K
  class space    used 11640K, committed 12096K, reserved 425984K
}
Event: 188.245 GC heap before
{Heap before GC invocations=38 (full 0):
 garbage-first heap   total 178176K, used 144384K [0x0000000080000000, 0x0000000100000000)
  region size 1024K, 29 young (29696K), 5 survivors (5120K)
 Metaspace       used 84046K, committed 84992K, reserved 557056K
  class space    used 11650K, committed 12096K, reserved 425984K
}
Event: 188.253 GC heap after
{Heap after GC invocations=39 (full 0):
 garbage-first heap   total 178176K, used 124323K [0x0000000080000000, 0x0000000100000000)
  region size 1024K, 4 young (4096K), 4 survivors (4096K)
 Metaspace       used 84046K, committed 84992K, reserved 557056K
  class space    used 11650K, committed 12096K, reserved 425984K
}
Event: 191.015 GC heap before
{Heap before GC invocations=39 (full 0):
 garbage-first heap   total 178176K, used 152995K [0x0000000080000000, 0x0000000100000000)
  region size 1024K, 25 young (25600K), 4 survivors (4096K)
 Metaspace       used 84125K, committed 85056K, reserved 557056K
  class space    used 11656K, committed 12096K, reserved 425984K
}
Event: 191.019 GC heap after
{Heap after GC invocations=40 (full 0):
 garbage-first heap   total 178176K, used 137905K [0x0000000080000000, 0x0000000100000000)
  region size 1024K, 4 young (4096K), 4 survivors (4096K)
 Metaspace       used 84125K, committed 85056K, reserved 557056K
  class space    used 11656K, committed 12096K, reserved 425984K
}
Event: 191.173 GC heap before
{Heap before GC invocations=40 (full 0):
 garbage-first heap   total 178176K, used 147121K [0x0000000080000000, 0x0000000100000000)
  region size 1024K, 13 young (13312K), 4 survivors (4096K)
 Metaspace       used 85196K, committed 86144K, reserved 557056K
  class space    used 11797K, committed 12224K, reserved 425984K
}
Event: 191.175 GC heap after
{Heap after GC invocations=41 (full 0):
 garbage-first heap   total 178176K, used 138547K [0x0000000080000000, 0x0000000100000000)
  region size 1024K, 1 young (1024K), 1 survivors (1024K)
 Metaspace       used 85196K, committed 86144K, reserved 557056K
  class space    used 11797K, committed 12224K, reserved 425984K
}
Event: 191.441 GC heap before
{Heap before GC invocations=42 (full 0):
 garbage-first heap   total 239616K, used 147763K [0x0000000080000000, 0x0000000100000000)
  region size 1024K, 11 young (11264K), 1 survivors (1024K)
 Metaspace       used 85939K, committed 86848K, reserved 557056K
  class space    used 11914K, committed 12352K, reserved 425984K
}
Event: 191.445 GC heap after
{Heap after GC invocations=43 (full 0):
 garbage-first heap   total 239616K, used 138644K [0x0000000080000000, 0x0000000100000000)
  region size 1024K, 2 young (2048K), 2 survivors (2048K)
 Metaspace       used 85939K, committed 86848K, reserved 557056K
  class space    used 11914K, committed 12352K, reserved 425984K
}
Event: 197.356 GC heap before
{Heap before GC invocations=43 (full 0):
 garbage-first heap   total 239616K, used 146836K [0x0000000080000000, 0x0000000100000000)
  region size 1024K, 11 young (11264K), 2 survivors (2048K)
 Metaspace       used 86517K, committed 87488K, reserved 557056K
  class space    used 11987K, committed 12416K, reserved 425984K
}
Event: 197.360 GC heap after
{Heap after GC invocations=44 (full 0):
 garbage-first heap   total 239616K, used 137061K [0x0000000080000000, 0x0000000100000000)
  region size 1024K, 2 young (2048K), 2 survivors (2048K)
 Metaspace       used 86517K, committed 87488K, reserved 557056K
  class space    used 11987K, committed 12416K, reserved 425984K
}
Event: 206.036 GC heap before
{Heap before GC invocations=44 (full 0):
 garbage-first heap   total 239616K, used 196453K [0x0000000080000000, 0x0000000100000000)
  region size 1024K, 56 young (57344K), 2 survivors (2048K)
 Metaspace       used 86971K, committed 87936K, reserved 557056K
  class space    used 12010K, committed 12480K, reserved 425984K
}
Event: 206.043 GC heap after
{Heap after GC invocations=45 (full 0):
 garbage-first heap   total 239616K, used 149893K [0x0000000080000000, 0x0000000100000000)
  region size 1024K, 7 young (7168K), 7 survivors (7168K)
 Metaspace       used 86971K, committed 87936K, reserved 557056K
  class space    used 12010K, committed 12480K, reserved 425984K
}
Event: 207.759 GC heap before
{Heap before GC invocations=45 (full 0):
 garbage-first heap   total 239616K, used 201093K [0x0000000080000000, 0x0000000100000000)
  region size 1024K, 50 young (51200K), 7 survivors (7168K)
 Metaspace       used 89063K, committed 90112K, reserved 557056K
  class space    used 12286K, committed 12736K, reserved 425984K
}
Event: 207.767 GC heap after
{Heap after GC invocations=46 (full 0):
 garbage-first heap   total 239616K, used 164519K [0x0000000080000000, 0x0000000100000000)
  region size 1024K, 7 young (7168K), 7 survivors (7168K)
 Metaspace       used 89063K, committed 90112K, reserved 557056K
  class space    used 12286K, committed 12736K, reserved 425984K
}
Event: 209.661 GC heap before
{Heap before GC invocations=46 (full 0):
 garbage-first heap   total 239616K, used 202407K [0x0000000080000000, 0x0000000100000000)
  region size 1024K, 38 young (38912K), 7 survivors (7168K)
 Metaspace       used 89154K, committed 90176K, reserved 557056K
  class space    used 12292K, committed 12736K, reserved 425984K
}
Event: 209.666 GC heap after
{Heap after GC invocations=47 (full 0):
 garbage-first heap   total 239616K, used 178889K [0x0000000080000000, 0x0000000100000000)
  region size 1024K, 5 young (5120K), 5 survivors (5120K)
 Metaspace       used 89154K, committed 90176K, reserved 557056K
  class space    used 12292K, committed 12736K, reserved 425984K
}

